[debug] > Exec(early(addDefaultCommands), None, None)
[debug] > Exec(addDefaultCommands, None, None)
[debug] > Exec(early(initialize), None, None)
[debug] > Exec(initialize, None, None)
[debug] > Exec(boot, None, None)
[debug] > Exec(writeSbtVersion, None, None)
[debug] > Exec(reload, None, None)
[debug] > Exec(sbtStashOnFailure, None, None)
[debug] > Exec(onFailure loadFailed, None, None)
[debug] > Exec(loadp, None, None)
[info] welcome to sbt 1.5.3 (Oracle Corporation Java 1.8.0_172)
[debug] Load.defaultLoad until apply took 2134.6614ms
[debug]           Load.loadUnit: plugins took 179.0516ms
[debug]           Load.loadUnit: defsScala took 0.5ms
[debug] [Loading] Scanning directory C:\Users\AshutoshRai\IdeaProjects\GKCodeLabs\project
[debug] [Loading] Found non-root projects 
[debug] [Loading] Done in C:\Users\AshutoshRai\IdeaProjects\GKCodeLabs\project, returning: ()
[debug] deducing auto plugins based on known facts Set(Atom(sbt.plugins.CorePlugin)) and clauses Clauses(Clause(Atom(sbt.plugins.JvmPlugin),Set(Atom(sbt.plugins.IvyPlugin)))
[debug] Clause(Atom(sbt.ScriptedPlugin),Set(Atom(sbt.plugins.JvmPlugin)))
[debug] Clause(Atom(sbt.plugins.SbtPlugin),Set(Atom(sbt.ScriptedPlugin)))
[debug] Clause(Atom(sbt.plugins.SemanticdbPlugin),Set(Atom(sbt.plugins.JvmPlugin)))
[debug] Clause(Atom(sbt.plugins.JUnitXmlReportPlugin),Set(Atom(sbt.plugins.JvmPlugin)))
[debug] Clause(Atom(sbt.plugins.MiniDependencyTreePlugin),Set(Atom(sbt.plugins.JvmPlugin)))
[debug] Clause(Atom(sbt.plugins.CorePlugin),Set(Atom(sbt.plugins.IvyPlugin)))
[debug] Clause(Atom(sbt.plugins.IvyPlugin),Set(Atom(sbt.plugins.JvmPlugin)))
[debug] Clause(Atom(sbt.plugins.JvmPlugin),Set(Atom(sbt.plugins.SemanticdbPlugin)))
[debug] Clause(Atom(sbt.plugins.JvmPlugin),Set(Atom(sbt.plugins.JUnitXmlReportPlugin)))
[debug] Clause(Atom(sbt.plugins.CorePlugin),Set(Atom(sbt.plugins.Giter8TemplatePlugin)))
[debug] Clause(Atom(sbt.plugins.JvmPlugin),Set(Atom(sbt.plugins.MiniDependencyTreePlugin))))
[debug]   :: deduced result: Matched(sbt.plugins.CorePlugin,sbt.plugins.Giter8TemplatePlugin,sbt.plugins.IvyPlugin,sbt.plugins.JvmPlugin,sbt.plugins.MiniDependencyTreePlugin,sbt.plugins.JUnitXmlReportPlugin,sbt.plugins.SemanticdbPlugin)
[debug] Plugins.deducer#function took 28.8849 ms
[debug]               Load.resolveProject(gkcodelabs-build) took 80.7384ms
[debug]             Load.loadTransitive: finalizeProject(Project(id gkcodelabs-build, base: C:\Users\AshutoshRai\IdeaProjects\GKCodeLabs\project, plugins: List(<none>))) took 150.6766ms
[debug] [Loading] Done in C:\Users\AshutoshRai\IdeaProjects\GKCodeLabs\project, returning: (gkcodelabs-build)
[debug]           Load.loadUnit: loadedProjectsRaw took 180.3665ms
[debug]           Load.loadUnit: cleanEvalClasses took 0.4752ms
[debug]         Load.loadUnit(file:/C:/Users/AshutoshRai/IdeaProjects/GKCodeLabs/project/, ...) took 369.6444ms
[debug]       Load.apply: load took 615.6299ms
[debug]       Load.apply: resolveProjects took 11.1172ms
[debug]       Load.apply: finalTransforms took 112.6906ms
[debug]       Load.apply: config.delegates took 14.9441ms
[debug]       Load.apply: Def.make(settings)... took 752.429ms
[debug]       Load.apply: structureIndex took 197.9848ms
[debug]       Load.apply: mkStreams took 3.137ms
[info] loading project definition from C:\Users\AshutoshRai\IdeaProjects\GKCodeLabs\project
[debug] Running task... Cancel: Signal, check cycles: false, forcegc: true
[debug]     Load.loadUnit: plugins took 3088.868ms
[debug]     Load.loadUnit: defsScala took 0.0067ms
[debug] [Loading] Scanning directory C:\Users\AshutoshRai\IdeaProjects\GKCodeLabs
[debug]       Load.loadUnit: mkEval took 15.4249ms
[debug] [Loading] Found non-root projects 
[debug] [Loading] Done in C:\Users\AshutoshRai\IdeaProjects\GKCodeLabs, returning: ()
[debug] deducing auto plugins based on known facts Set(Atom(sbt.plugins.CorePlugin)) and clauses Clauses(Clause(Atom(sbt.plugins.JvmPlugin),Set(Atom(sbt.plugins.IvyPlugin)))
[debug] Clause(Atom(sbt.ScriptedPlugin),Set(Atom(sbt.plugins.JvmPlugin)))
[debug] Clause(Atom(sbt.plugins.SbtPlugin),Set(Atom(sbt.ScriptedPlugin)))
[debug] Clause(Atom(sbt.plugins.SemanticdbPlugin),Set(Atom(sbt.plugins.JvmPlugin)))
[debug] Clause(Atom(sbt.plugins.JUnitXmlReportPlugin),Set(Atom(sbt.plugins.JvmPlugin)))
[debug] Clause(Atom(sbt.plugins.MiniDependencyTreePlugin),Set(Atom(sbt.plugins.JvmPlugin)))
[debug] Clause(Atom(sbt.plugins.CorePlugin),Set(Atom(sbt.plugins.IvyPlugin)))
[debug] Clause(Atom(sbt.plugins.IvyPlugin),Set(Atom(sbt.plugins.JvmPlugin)))
[debug] Clause(Atom(sbt.plugins.JvmPlugin),Set(Atom(sbt.plugins.SemanticdbPlugin)))
[debug] Clause(Atom(sbt.plugins.JvmPlugin),Set(Atom(sbt.plugins.JUnitXmlReportPlugin)))
[debug] Clause(Atom(sbt.plugins.CorePlugin),Set(Atom(sbt.plugins.Giter8TemplatePlugin)))
[debug] Clause(Atom(sbt.plugins.JvmPlugin),Set(Atom(sbt.plugins.MiniDependencyTreePlugin))))
[debug]   :: deduced result: Matched(sbt.plugins.CorePlugin,sbt.plugins.Giter8TemplatePlugin,sbt.plugins.IvyPlugin,sbt.plugins.JvmPlugin,sbt.plugins.MiniDependencyTreePlugin,sbt.plugins.JUnitXmlReportPlugin,sbt.plugins.SemanticdbPlugin)
[debug] Plugins.deducer#function took 4.8964 ms
[info] loading settings for project gkcodelabs from build.sbt ...
[debug]         Load.resolveProject(gkcodelabs) took 6.5393ms
[debug]       Load.loadTransitive: finalizeProject(Project(id gkcodelabs, base: C:\Users\AshutoshRai\IdeaProjects\GKCodeLabs, plugins: List(<none>))) took 12.724ms
[debug] [Loading] Done in C:\Users\AshutoshRai\IdeaProjects\GKCodeLabs, returning: (gkcodelabs)
[debug]     Load.loadUnit: loadedProjectsRaw took 2917.2584ms
[debug]     Load.loadUnit: cleanEvalClasses took 19.3251ms
[debug]   Load.loadUnit(file:/C:/Users/AshutoshRai/IdeaProjects/GKCodeLabs/, ...) took 6028.8408ms
[debug] Load.apply: load took 6273.5216ms
[debug] Load.apply: resolveProjects took 0.2408ms
[debug] Load.apply: finalTransforms took 17.5492ms
[debug] Load.apply: config.delegates took 1.0643ms
[debug] Load.apply: Def.make(settings)... took 238.7164ms
[debug] Load.apply: structureIndex took 54.2792ms
[debug] Load.apply: mkStreams took 0.0045ms
[info] set current project to GKCodeLabs (in build file:/C:/Users/AshutoshRai/IdeaProjects/GKCodeLabs/)
[debug] > Exec(sbtPopOnFailure, None, None)
[debug] > Exec(resumeFromFailure, None, None)
[debug] > Exec(notifyUsersAboutShell, None, None)
[debug] > Exec(iflast shell, None, None)
[debug] > Exec(shell, None, None)
[info] sbt server started at local:sbt-server-55c1b864de91477286bd
[debug] Writing bsp connection file
[info] started sbt server
